# JRE version: OpenJDK Runtime Environment Corretto-18.0.2.9.1 (18.0.2+9) (build 18.0.2+9-FR)
# Java VM: OpenJDK 64-Bit Server VM Corretto-18.0.2.9.1 (18.0.2+9-FR, mixed mode, sharing, tiered, compressed oops, compressed class ptrs, g1 gc, windows-amd64)
GC Precious Log:
 CardTable entry size: 512
 Card Set container configuration: InlinePtr #cards 4 size 8 Array Of Cards #cards 16 size 48 Howl #buckets 8 coarsen threshold 3686 Howl Bitmap #cards 512 size 80 coarsen threshold 460 Card regions per heap region 1 cards per card region 4096
 CPUs: 12 total, 12 available
 Memory: 16057M
 Large Page Support: Disabled
 NUMA Support: Disabled
 Compressed Oops: Enabled (Zero based)
 Heap Region Size: 2M
 Heap Min Capacity: 8M
 Heap Initial Capacity: 252M
 Heap Max Capacity: 4016M
 Pre-touch: Disabled
 Parallel Workers: 10
 Concurrent Workers: 3
 Concurrent Refinement Workers: 10
 Periodic GC: Disabled
Heap:
 garbage-first heap   total 98304K, used 54449K [0x0000000705000000, 0x0000000800000000)
  region size 2048K, 2 young (4096K), 1 survivors (2048K)
 Metaspace       used 73051K, committed 73728K, reserved 1114112K
  class space    used 9747K, committed 10112K, reserved 1048576K
GC Heap History (20 events):
Event: 8.183 GC heap before
{Heap before GC invocations=15 (full 0):
 garbage-first heap   total 98304K, used 41743K [0x0000000705000000, 0x0000000800000000)
  region size 2048K, 7 young (14336K), 3 survivors (6144K)
 Metaspace       used 59917K, committed 60416K, reserved 1114112K
  class space    used 7957K, committed 8192K, reserved 1048576K
}
Event: 8.188 GC heap after
{Heap after GC invocations=16 (full 0):
 garbage-first heap   total 98304K, used 36292K [0x0000000705000000, 0x0000000800000000)
  region size 2048K, 1 young (2048K), 1 survivors (2048K)
 Metaspace       used 59917K, committed 60416K, reserved 1114112K
  class space    used 7957K, committed 8192K, reserved 1048576K
}
Event: 8.884 GC heap before
{Heap before GC invocations=17 (full 0):
 garbage-first heap   total 98304K, used 75204K [0x0000000705000000, 0x0000000800000000)
  region size 2048K, 20 young (40960K), 1 survivors (2048K)
 Metaspace       used 62510K, committed 63040K, reserved 1114112K
  class space    used 8386K, committed 8640K, reserved 1048576K
}
Event: 8.890 GC heap after
{Heap after GC invocations=18 (full 0):
 garbage-first heap   total 98304K, used 39832K [0x0000000705000000, 0x0000000800000000)
  region size 2048K, 3 young (6144K), 3 survivors (6144K)
 Metaspace       used 62510K, committed 63040K, reserved 1114112K
  class space    used 8386K, committed 8640K, reserved 1048576K
}
Event: 8.929 GC heap before
{Heap before GC invocations=18 (full 0):
 garbage-first heap   total 98304K, used 41880K [0x0000000705000000, 0x0000000800000000)
  region size 2048K, 4 young (8192K), 3 survivors (6144K)
 Metaspace       used 62724K, committed 63296K, reserved 1114112K
  class space    used 8411K, committed 8704K, reserved 1048576K
}
Event: 8.935 GC heap after
{Heap after GC invocations=19 (full 0):
 garbage-first heap   total 98304K, used 39859K [0x0000000705000000, 0x0000000800000000)
  region size 2048K, 1 young (2048K), 1 survivors (2048K)
 Metaspace       used 62724K, committed 63296K, reserved 1114112K
  class space    used 8411K, committed 8704K, reserved 1048576K
}
Event: 9.646 GC heap before
{Heap before GC invocations=19 (full 0):
 garbage-first heap   total 98304K, used 74675K [0x0000000705000000, 0x0000000800000000)
  region size 2048K, 18 young (36864K), 1 survivors (2048K)
 Metaspace       used 64296K, committed 64896K, reserved 1114112K
  class space    used 8642K, committed 8960K, reserved 1048576K
}
Event: 9.650 GC heap after
{Heap after GC invocations=20 (full 0):
 garbage-first heap   total 98304K, used 43610K [0x0000000705000000, 0x0000000800000000)
  region size 2048K, 3 young (6144K), 3 survivors (6144K)
 Metaspace       used 64296K, committed 64896K, reserved 1114112K
  class space    used 8642K, committed 8960K, reserved 1048576K
}
Event: 10.166 GC heap before
{Heap before GC invocations=20 (full 0):
 garbage-first heap   total 98304K, used 74330K [0x0000000705000000, 0x0000000800000000)
  region size 2048K, 18 young (36864K), 3 survivors (6144K)
 Metaspace       used 65899K, committed 66496K, reserved 1114112K
  class space    used 8883K, committed 9152K, reserved 1048576K
}
Event: 10.173 GC heap after
{Heap after GC invocations=21 (full 0):
 garbage-first heap   total 98304K, used 47833K [0x0000000705000000, 0x0000000800000000)
  region size 2048K, 3 young (6144K), 3 survivors (6144K)
 Metaspace       used 65899K, committed 66496K, reserved 1114112K
  class space    used 8883K, committed 9152K, reserved 1048576K
}
Event: 10.612 GC heap before
{Heap before GC invocations=21 (full 0):
 garbage-first heap   total 98304K, used 72409K [0x0000000705000000, 0x0000000800000000)
  region size 2048K, 16 young (32768K), 3 survivors (6144K)
 Metaspace       used 69267K, committed 69888K, reserved 1114112K
  class space    used 9316K, committed 9600K, reserved 1048576K
}
Event: 10.617 GC heap after
{Heap after GC invocations=22 (full 0):
 garbage-first heap   total 98304K, used 51861K [0x0000000705000000, 0x0000000800000000)
  region size 2048K, 2 young (4096K), 2 survivors (4096K)
 Metaspace       used 69267K, committed 69888K, reserved 1114112K
  class space    used 9316K, committed 9600K, reserved 1048576K
}
Event: 311.273 GC heap before
{Heap before GC invocations=23 (full 0):
 garbage-first heap   total 98304K, used 76437K [0x0000000705000000, 0x0000000800000000)
  region size 2048K, 14 young (28672K), 2 survivors (4096K)
 Metaspace       used 72657K, committed 73408K, reserved 1114112K
  class space    used 9745K, committed 10112K, reserved 1048576K
}
Event: 311.278 GC heap after
{Heap after GC invocations=24 (full 0):
 garbage-first heap   total 98304K, used 54026K [0x0000000705000000, 0x0000000800000000)
  region size 2048K, 1 young (2048K), 1 survivors (2048K)
 Metaspace       used 72657K, committed 73408K, reserved 1114112K
  class space    used 9745K, committed 10112K, reserved 1048576K
}
Event: 20110.873 GC heap before
{Heap before GC invocations=24 (full 0):
 garbage-first heap   total 98304K, used 56074K [0x0000000705000000, 0x0000000800000000)
  region size 2048K, 2 young (4096K), 1 survivors (2048K)
 Metaspace       used 72693K, committed 73408K, reserved 1114112K
  class space    used 9746K, committed 10112K, reserved 1048576K
}
Event: 20110.880 GC heap after
{Heap after GC invocations=25 (full 0):
 garbage-first heap   total 98304K, used 53856K [0x0000000705000000, 0x0000000800000000)
  region size 2048K, 1 young (2048K), 1 survivors (2048K)
 Metaspace       used 72693K, committed 73408K, reserved 1114112K
  class space    used 9746K, committed 10112K, reserved 1048576K
}
Event: 32627.408 GC heap before
{Heap before GC invocations=25 (full 0):
 garbage-first heap   total 98304K, used 76384K [0x0000000705000000, 0x0000000800000000)
  region size 2048K, 12 young (24576K), 1 survivors (2048K)
 Metaspace       used 72885K, committed 73600K, reserved 1114112K
  class space    used 9747K, committed 10112K, reserved 1048576K
}
Event: 32627.410 GC heap after
{Heap after GC invocations=26 (full 0):
 garbage-first heap   total 98304K, used 54442K [0x0000000705000000, 0x0000000800000000)
  region size 2048K, 1 young (2048K), 1 survivors (2048K)
 Metaspace       used 72885K, committed 73600K, reserved 1114112K
  class space    used 9747K, committed 10112K, reserved 1048576K
}
Event: 33336.572 GC heap before
{Heap before GC invocations=26 (full 0):
 garbage-first heap   total 98304K, used 76970K [0x0000000705000000, 0x0000000800000000)
  region size 2048K, 12 young (24576K), 1 survivors (2048K)
 Metaspace       used 73046K, committed 73728K, reserved 1114112K
  class space    used 9747K, committed 10112K, reserved 1048576K
}
Event: 33336.574 GC heap after
{Heap after GC invocations=27 (full 0):
 garbage-first heap   total 98304K, used 54449K [0x0000000705000000, 0x0000000800000000)
  region size 2048K, 1 young (2048K), 1 survivors (2048K)
 Metaspace       used 73046K, committed 73728K, reserved 1114112K
  class space    used 9747K, committed 10112K, reserved 1048576K
}

